<?xml version="1.0" encoding="UTF-8"?>
<testng-results ignored="0" total="1" passed="1" failed="0" skipped="0">
  <reporter-output>
  </reporter-output>
  <suite started-at="2024-09-20T18:48:33 IST" name="Default suite" finished-at="2024-09-20T18:48:36 IST" duration-ms="2605">
    <groups>
    </groups>
    <test started-at="2024-09-20T18:48:33 IST" name="Default test" finished-at="2024-09-20T18:48:36 IST" duration-ms="2605">
      <class name="RA_GraphQL.Query_Mutation">
        <test-method signature="Query_Mutation_GraphQLTest()[pri:0, instance:RA_GraphQL.Query_Mutation@470f1802]" started-at="2024-09-20T18:48:33 IST" name="Query_Mutation_GraphQLTest" finished-at="2024-09-20T18:48:36 IST" duration-ms="2577" status="PASS">
          <reporter-output>
          </reporter-output>
        </test-method> <!-- Query_Mutation_GraphQLTest -->
      </class> <!-- RA_GraphQL.Query_Mutation -->
    </test> <!-- Default test -->
  </suite> <!-- Default suite -->
</testng-results>
